<?xml version="1.0" encoding="UTF-8"?>
<!-- Generated by org.testng.reporters.JUnitReportReporter -->
<testsuite hostname="DESKTOP-CIQLQJH" name="Email_validationTest" tests="1" failures="0" timestamp="11 Feb 2018 18:17:33 GMT" time="5.523" errors="0">
  <testcase name="testEmailValidation" time="5.523" classname="Email_validationTest"/>
</testsuite> <!-- Email_validationTest -->
