<?xml version="1.0" encoding="UTF-8"?>
<!-- Generated by org.testng.reporters.JUnitReportReporter -->
<testsuite hostname="DESKTOP-CIQLQJH" name="RedirectTest" tests="1" failures="0" timestamp="11 Feb 2018 18:17:33 GMT" time="13.822" errors="0">
  <testcase name="testRedirect" time="13.822" classname="RedirectTest"/>
</testsuite> <!-- RedirectTest -->
