<?xml version="1.0" encoding="UTF-8"?>
<!-- Generated by org.testng.reporters.JUnitReportReporter -->
<testsuite hostname="DESKTOP-CIQLQJH" name="RegistrationTest" tests="4" failures="0" timestamp="11 Feb 2018 18:17:33 GMT" time="14.163" errors="0">
  <testcase name="testRegistrationUser" time="3.303" classname="RegistrationTest"/>
  <testcase name="testLogoutUser" time="3.556" classname="RegistrationTest"/>
  <testcase name="testLoginUser" time="5.145" classname="RegistrationTest"/>
  <testcase name="testResetPassword" time="2.159" classname="RegistrationTest"/>
</testsuite> <!-- RegistrationTest -->
