<?xml version="1.0" encoding="UTF-8"?>
<!-- Generated by org.testng.reporters.JUnitReportReporter -->
<testsuite hostname="DESKTOP-CIQLQJH" name="Password_validationTest" tests="1" failures="0" timestamp="11 Feb 2018 18:17:33 GMT" time="3.480" errors="0">
  <testcase name="testPasswordValidation" time="3.480" classname="Password_validationTest"/>
</testsuite> <!-- Password_validationTest -->
