<?xml version="1.0" encoding="UTF-8"?>
<!-- Generated by org.testng.reporters.JUnitReportReporter -->
<testsuite hostname="DESKTOP-CIQLQJH" name="Last_name_validationTest" tests="1" failures="0" timestamp="11 Feb 2018 18:17:33 GMT" time="5.459" errors="0">
  <testcase name="testLastNameValidation" time="5.459" classname="Last_name_validationTest"/>
</testsuite> <!-- Last_name_validationTest -->
