<?xml version="1.0" encoding="UTF-8"?>
<!-- Generated by org.testng.reporters.JUnitReportReporter -->
<testsuite hostname="DESKTOP-CIQLQJH" name="First_name_validationTest" tests="1" failures="0" timestamp="11 Feb 2018 18:17:33 GMT" time="5.410" errors="0">
  <testcase name="testFirstNameValidation" time="5.410" classname="First_name_validationTest"/>
</testsuite> <!-- First_name_validationTest -->
